Detecting C [-std=c11] compiler features failed to compile with the following output:
Change Dir: /Users/shanthosh/Documents/SYDE223/Labs/Lab#1/cmake-build-debug/CMakeFiles/CMakeTmp

Run Build Command:"/usr/bin/make" "cmTC_63edb/fast"
/Applications/Xcode.app/Contents/Developer/usr/bin/make -f CMakeFiles/cmTC_63edb.dir/build.make CMakeFiles/cmTC_63edb.dir/build
make[1]: *** No rule to make target `/Users/shanthosh/Documents/SYDE223/Labs/Lab', needed by `CMakeFiles/cmTC_63edb.dir/feature_tests.c.o'.  Stop.
make: *** [cmTC_63edb/fast] Error 2



Detecting CXX [-std=c++1z] compiler features failed to compile with the following output:
Change Dir: /Users/shanthosh/Documents/SYDE223/Labs/Lab#1/cmake-build-debug/CMakeFiles/CMakeTmp

Run Build Command:"/usr/bin/make" "cmTC_d516c/fast"
/Applications/Xcode.app/Contents/Developer/usr/bin/make -f CMakeFiles/cmTC_d516c.dir/build.make CMakeFiles/cmTC_d516c.dir/build
make[1]: *** No rule to make target `/Users/shanthosh/Documents/SYDE223/Labs/Lab', needed by `CMakeFiles/cmTC_d516c.dir/feature_tests.cxx.o'.  Stop.
make: *** [cmTC_d516c/fast] Error 2



