Detecting C [-std=c11] compiler features failed to compile with the following output:
Change Dir: /Users/shanthosh/Documents/SYDE223/Tutorial#0/CurrencyAmountCDN/cmake-build-debug/CMakeFiles/CMakeTmp

Run Build Command:"/usr/bin/make" "cmTC_393f2/fast"
/Applications/Xcode.app/Contents/Developer/usr/bin/make -f CMakeFiles/cmTC_393f2.dir/build.make CMakeFiles/cmTC_393f2.dir/build
make[1]: *** No rule to make target `/Users/shanthosh/Documents/SYDE223/Tutorial', needed by `CMakeFiles/cmTC_393f2.dir/feature_tests.c.o'.  Stop.
make: *** [cmTC_393f2/fast] Error 2



Detecting CXX [-std=c++1z] compiler features failed to compile with the following output:
Change Dir: /Users/shanthosh/Documents/SYDE223/Tutorial#0/CurrencyAmountCDN/cmake-build-debug/CMakeFiles/CMakeTmp

Run Build Command:"/usr/bin/make" "cmTC_e0f72/fast"
/Applications/Xcode.app/Contents/Developer/usr/bin/make -f CMakeFiles/cmTC_e0f72.dir/build.make CMakeFiles/cmTC_e0f72.dir/build
make[1]: *** No rule to make target `/Users/shanthosh/Documents/SYDE223/Tutorial', needed by `CMakeFiles/cmTC_e0f72.dir/feature_tests.cxx.o'.  Stop.
make: *** [cmTC_e0f72/fast] Error 2



